<?xml version="1.0" encoding="UTF-8"?>
<testsuite name="cc.firaja.generators.FibonacciGenerator" tests="2" skipped="0" failures="0" errors="0" timestamp="2018-04-08T14:33:08" hostname="localhost.localdomain" time="0.007">
  <properties/>
  <testcase name="testFibonacciWithInternal" classname="cc.firaja.generators.FibonacciGenerator" time="0.005"/>
  <testcase name="testFibonacciWithExternal" classname="cc.firaja.generators.FibonacciGenerator" time="0.002"/>
  <system-out><![CDATA[]]></system-out>
  <system-err><![CDATA[]]></system-err>
</testsuite>
