<?xml version="1.0" encoding="UTF-8"?>
<testsuite name="cc.firaja.generators.FibonacciGenerator" tests="2" skipped="0" failures="0" errors="0" timestamp="2018-04-08T14:47:17" hostname="localhost.localdomain" time="0.013">
  <properties/>
  <testcase name="testFibonacciWithInternal" classname="cc.firaja.generators.FibonacciGenerator" time="0.01"/>
  <testcase name="testFibonacciWithExternal" classname="cc.firaja.generators.FibonacciGenerator" time="0.003"/>
  <system-out><![CDATA[]]></system-out>
  <system-err><![CDATA[]]></system-err>
</testsuite>
