<?xml version="1.0" encoding="UTF-8"?>
<testsuite name="cc.firaja.generators.SequentialNumericalAbstractGenerator" tests="7" skipped="0" failures="0" errors="0" timestamp="2018-04-08T14:33:08" hostname="localhost.localdomain" time="0.004">
  <properties/>
  <testcase name="testFirstIsZero" classname="cc.firaja.generators.SequentialNumericalAbstractGenerator" time="0.001"/>
  <testcase name="testLast" classname="cc.firaja.generators.SequentialNumericalAbstractGenerator" time="0.0"/>
  <testcase name="testAcendantExternal" classname="cc.firaja.generators.SequentialNumericalAbstractGenerator" time="0.0"/>
  <testcase name="testAscendant" classname="cc.firaja.generators.SequentialNumericalAbstractGenerator" time="0.0"/>
  <testcase name="testExceed" classname="cc.firaja.generators.SequentialNumericalAbstractGenerator" time="0.0"/>
  <testcase name="testIteratorAndCursor" classname="cc.firaja.generators.SequentialNumericalAbstractGenerator" time="0.0"/>
  <testcase name="testNumberOfIterations" classname="cc.firaja.generators.SequentialNumericalAbstractGenerator" time="0.0"/>
  <system-out><![CDATA[]]></system-out>
  <system-err><![CDATA[]]></system-err>
</testsuite>
